<?xml version="1.0" encoding="UTF-8"?>
<testsuite name="com.mindex.challenge.ChallengeApplicationTests" tests="2" skipped="0" failures="0" errors="0" timestamp="2024-01-27T01:57:11" hostname="ANODYNE" time="0.5">
  <properties/>
  <testcase name="ReportingStructureTest" classname="com.mindex.challenge.ChallengeApplicationTests" time="0.497"/>
  <testcase name="contextLoads" classname="com.mindex.challenge.ChallengeApplicationTests" time="0.002"/>
  <system-out><![CDATA[20:57:08.581 [Test worker] DEBUG org.springframework.test.context.junit4.SpringJUnit4ClassRunner - SpringJUnit4ClassRunner constructor called with [class com.mindex.challenge.ChallengeApplicationTests]
20:57:08.588 [Test worker] DEBUG org.springframework.test.context.BootstrapUtils - Instantiating CacheAwareContextLoaderDelegate from class [org.springframework.test.context.cache.DefaultCacheAwareContextLoaderDelegate]
20:57:08.596 [Test worker] DEBUG org.springframework.test.context.BootstrapUtils - Instantiating BootstrapContext using constructor [public org.springframework.test.context.support.DefaultBootstrapContext(java.lang.Class,org.springframework.test.context.CacheAwareContextLoaderDelegate)]
20:57:08.623 [Test worker] DEBUG org.springframework.test.context.BootstrapUtils - Instantiating TestContextBootstrapper for test class [com.mindex.challenge.ChallengeApplicationTests] from class [org.springframework.boot.test.context.SpringBootTestContextBootstrapper]
20:57:08.638 [Test worker] INFO org.springframework.boot.test.context.SpringBootTestContextBootstrapper - Neither @ContextConfiguration nor @ContextHierarchy found for test class [com.mindex.challenge.ChallengeApplicationTests], using SpringBootContextLoader
20:57:08.642 [Test worker] DEBUG org.springframework.test.context.support.AbstractContextLoader - Did not detect default resource location for test class [com.mindex.challenge.ChallengeApplicationTests]: class path resource [com/mindex/challenge/ChallengeApplicationTests-context.xml] does not exist
20:57:08.643 [Test worker] DEBUG org.springframework.test.context.support.AbstractContextLoader - Did not detect default resource location for test class [com.mindex.challenge.ChallengeApplicationTests]: class path resource [com/mindex/challenge/ChallengeApplicationTestsContext.groovy] does not exist
20:57:08.643 [Test worker] INFO org.springframework.test.context.support.AbstractContextLoader - Could not detect default resource locations for test class [com.mindex.challenge.ChallengeApplicationTests]: no resource found for suffixes {-context.xml, Context.groovy}.
20:57:08.644 [Test worker] INFO org.springframework.test.context.support.AnnotationConfigContextLoaderUtils - Could not detect default configuration classes for test class [com.mindex.challenge.ChallengeApplicationTests]: ChallengeApplicationTests does not declare any static, non-private, non-final, nested classes annotated with @Configuration.
20:57:08.681 [Test worker] DEBUG org.springframework.test.context.support.ActiveProfilesUtils - Could not find an 'annotation declaring class' for annotation type [org.springframework.test.context.ActiveProfiles] and class [com.mindex.challenge.ChallengeApplicationTests]
20:57:08.745 [Test worker] DEBUG org.springframework.context.annotation.ClassPathScanningCandidateComponentProvider - Identified candidate component class: file [C:\Users\noahm\OneDrive\Desktop\Programming\mindex-java-code-challenge\build\classes\java\main\com\mindex\challenge\ChallengeApplication.class]
20:57:08.747 [Test worker] INFO org.springframework.boot.test.context.SpringBootTestContextBootstrapper - Found @SpringBootConfiguration com.mindex.challenge.ChallengeApplication for test class com.mindex.challenge.ChallengeApplicationTests
20:57:08.823 [Test worker] DEBUG org.springframework.boot.test.context.SpringBootTestContextBootstrapper - @TestExecutionListeners is not present for class [com.mindex.challenge.ChallengeApplicationTests]: using defaults.
20:57:08.824 [Test worker] INFO org.springframework.boot.test.context.SpringBootTestContextBootstrapper - Loaded default TestExecutionListener class names from location [META-INF/spring.factories]: [org.springframework.boot.test.autoconfigure.restdocs.RestDocsTestExecutionListener, org.springframework.boot.test.autoconfigure.web.client.MockRestServiceServerResetTestExecutionListener, org.springframework.boot.test.autoconfigure.web.servlet.MockMvcPrintOnlyOnFailureTestExecutionListener, org.springframework.boot.test.autoconfigure.web.servlet.WebDriverTestExecutionListener, org.springframework.boot.test.mock.mockito.MockitoTestExecutionListener, org.springframework.boot.test.mock.mockito.ResetMocksTestExecutionListener, org.springframework.test.context.web.ServletTestExecutionListener, org.springframework.test.context.support.DirtiesContextBeforeModesTestExecutionListener, org.springframework.test.context.support.DependencyInjectionTestExecutionListener, org.springframework.test.context.support.DirtiesContextTestExecutionListener, org.springframework.test.context.transaction.TransactionalTestExecutionListener, org.springframework.test.context.jdbc.SqlScriptsTestExecutionListener, org.springframework.test.context.event.EventPublishingTestExecutionListener]
20:57:08.837 [Test worker] INFO org.springframework.boot.test.context.SpringBootTestContextBootstrapper - Using TestExecutionListeners: [org.springframework.test.context.web.ServletTestExecutionListener@41d03fc2, org.springframework.test.context.support.DirtiesContextBeforeModesTestExecutionListener@162a0a8f, org.springframework.boot.test.mock.mockito.MockitoTestExecutionListener@185792bc, org.springframework.boot.test.autoconfigure.SpringBootDependencyInjectionTestExecutionListener@657514dd, org.springframework.test.context.support.DirtiesContextTestExecutionListener@259b099e, org.springframework.test.context.transaction.TransactionalTestExecutionListener@63a301d0, org.springframework.test.context.jdbc.SqlScriptsTestExecutionListener@4745bd6a, org.springframework.test.context.event.EventPublishingTestExecutionListener@adb9aa3, org.springframework.boot.test.autoconfigure.restdocs.RestDocsTestExecutionListener@77f1b59f, org.springframework.boot.test.autoconfigure.web.client.MockRestServiceServerResetTestExecutionListener@c278730, org.springframework.boot.test.autoconfigure.web.servlet.MockMvcPrintOnlyOnFailureTestExecutionListener@66e3d533, org.springframework.boot.test.autoconfigure.web.servlet.WebDriverTestExecutionListener@303b45ce, org.springframework.boot.test.mock.mockito.ResetMocksTestExecutionListener@4a1c531b]
20:57:08.841 [Test worker] DEBUG org.springframework.test.annotation.ProfileValueUtils - Retrieved @ProfileValueSourceConfiguration [null] for test class [com.mindex.challenge.ChallengeApplicationTests]
20:57:08.841 [Test worker] DEBUG org.springframework.test.annotation.ProfileValueUtils - Retrieved ProfileValueSource type [class org.springframework.test.annotation.SystemProfileValueSource] for class [com.mindex.challenge.ChallengeApplicationTests]
20:57:08.844 [Test worker] DEBUG org.springframework.test.annotation.ProfileValueUtils - Retrieved @ProfileValueSourceConfiguration [null] for test class [com.mindex.challenge.ChallengeApplicationTests]
20:57:08.844 [Test worker] DEBUG org.springframework.test.annotation.ProfileValueUtils - Retrieved ProfileValueSource type [class org.springframework.test.annotation.SystemProfileValueSource] for class [com.mindex.challenge.ChallengeApplicationTests]
20:57:08.844 [Test worker] DEBUG org.springframework.test.annotation.ProfileValueUtils - Retrieved @ProfileValueSourceConfiguration [null] for test class [com.mindex.challenge.ChallengeApplicationTests]
20:57:08.844 [Test worker] DEBUG org.springframework.test.annotation.ProfileValueUtils - Retrieved ProfileValueSource type [class org.springframework.test.annotation.SystemProfileValueSource] for class [com.mindex.challenge.ChallengeApplicationTests]
20:57:08.847 [Test worker] DEBUG org.springframework.test.context.support.AbstractDirtiesContextTestExecutionListener - Before test class: context [DefaultTestContext@43454384 testClass = ChallengeApplicationTests, testInstance = [null], testMethod = [null], testException = [null], mergedContextConfiguration = [WebMergedContextConfiguration@1816d204 testClass = ChallengeApplicationTests, locations = '{}', classes = '{class com.mindex.challenge.ChallengeApplication}', contextInitializerClasses = '[]', activeProfiles = '{}', propertySourceLocations = '{}', propertySourceProperties = '{org.springframework.boot.test.context.SpringBootTestContextBootstrapper=true, server.port=0}', contextCustomizers = set[org.springframework.boot.test.autoconfigure.properties.PropertyMappingContextCustomizer@0, org.springframework.boot.test.autoconfigure.web.servlet.WebDriverContextCustomizerFactory$Customizer@5eaf9b89, org.springframework.boot.test.context.filter.ExcludeFilterContextCustomizer@75c176df, org.springframework.boot.test.json.DuplicateJsonObjectContextCustomizerFactory$DuplicateJsonObjectContextCustomizer@4f0c6b02, org.springframework.boot.test.mock.mockito.MockitoContextCustomizer@0, org.springframework.boot.test.web.client.TestRestTemplateContextCustomizer@76b5de9b], resourceBasePath = 'src/main/webapp', contextLoader = 'org.springframework.boot.test.context.SpringBootContextLoader', parent = [null]], attributes = map['org.springframework.test.context.web.ServletTestExecutionListener.activateListener' -> false]], class annotated with @DirtiesContext [false] with mode [null].
20:57:08.849 [Test worker] DEBUG org.springframework.test.annotation.ProfileValueUtils - Retrieved @ProfileValueSourceConfiguration [null] for test class [com.mindex.challenge.ChallengeApplicationTests]
20:57:08.849 [Test worker] DEBUG org.springframework.test.annotation.ProfileValueUtils - Retrieved ProfileValueSource type [class org.springframework.test.annotation.SystemProfileValueSource] for class [com.mindex.challenge.ChallengeApplicationTests]
20:57:08.853 [Test worker] DEBUG org.springframework.test.context.support.DependencyInjectionTestExecutionListener - Performing dependency injection for test context [[DefaultTestContext@43454384 testClass = ChallengeApplicationTests, testInstance = com.mindex.challenge.ChallengeApplicationTests@64db4227, testMethod = [null], testException = [null], mergedContextConfiguration = [WebMergedContextConfiguration@1816d204 testClass = ChallengeApplicationTests, locations = '{}', classes = '{class com.mindex.challenge.ChallengeApplication}', contextInitializerClasses = '[]', activeProfiles = '{}', propertySourceLocations = '{}', propertySourceProperties = '{org.springframework.boot.test.context.SpringBootTestContextBootstrapper=true, server.port=0}', contextCustomizers = set[org.springframework.boot.test.autoconfigure.properties.PropertyMappingContextCustomizer@0, org.springframework.boot.test.autoconfigure.web.servlet.WebDriverContextCustomizerFactory$Customizer@5eaf9b89, org.springframework.boot.test.context.filter.ExcludeFilterContextCustomizer@75c176df, org.springframework.boot.test.json.DuplicateJsonObjectContextCustomizerFactory$DuplicateJsonObjectContextCustomizer@4f0c6b02, org.springframework.boot.test.mock.mockito.MockitoContextCustomizer@0, org.springframework.boot.test.web.client.TestRestTemplateContextCustomizer@76b5de9b], resourceBasePath = 'src/main/webapp', contextLoader = 'org.springframework.boot.test.context.SpringBootContextLoader', parent = [null]], attributes = map['org.springframework.test.context.web.ServletTestExecutionListener.activateListener' -> false]]].
20:57:08.869 [Test worker] DEBUG org.springframework.test.context.support.TestPropertySourceUtils - Adding inlined properties to environment: {spring.jmx.enabled=false, org.springframework.boot.test.context.SpringBootTestContextBootstrapper=true, server.port=0}

  .   ____          _            __ _ _
 /\\ / ___'_ __ _ _(_)_ __  __ _ \ \ \ \
( ( )\___ | '_ | '_| | '_ \/ _` | \ \ \ \
 \\/  ___)| |_)| | | | | || (_| |  ) ) ) )
  '  |____| .__|_| |_|_| |_\__, | / / / /
 =========|_|==============|___/=/_/_/_/
 :: Spring Boot ::        (v2.2.0.RELEASE)

2024-01-26 20:57:09.088  INFO 8468 --- [    Test worker] c.m.challenge.ChallengeApplicationTests  : Starting ChallengeApplicationTests on Anodyne with PID 8468 (started by noahm in C:\Users\noahm\OneDrive\Desktop\Programming\mindex-java-code-challenge)
2024-01-26 20:57:09.089 DEBUG 8468 --- [    Test worker] c.m.challenge.ChallengeApplicationTests  : Running with Spring Boot v2.2.0.RELEASE, Spring v5.2.0.RELEASE
2024-01-26 20:57:09.089  INFO 8468 --- [    Test worker] c.m.challenge.ChallengeApplicationTests  : No active profile set, falling back to default profiles: default
2024-01-26 20:57:09.418  INFO 8468 --- [    Test worker] .s.d.r.c.RepositoryConfigurationDelegate : Bootstrapping Spring Data repositories in DEFAULT mode.
2024-01-26 20:57:09.460  INFO 8468 --- [    Test worker] .s.d.r.c.RepositoryConfigurationDelegate : Finished Spring Data repository scanning in 37ms. Found 2 repository interfaces.
2024-01-26 20:57:09.998  INFO 8468 --- [    Test worker] o.s.b.w.embedded.tomcat.TomcatWebServer  : Tomcat initialized with port(s): 0 (http)
2024-01-26 20:57:10.007  INFO 8468 --- [    Test worker] o.apache.catalina.core.StandardService   : Starting service [Tomcat]
2024-01-26 20:57:10.007  INFO 8468 --- [    Test worker] org.apache.catalina.core.StandardEngine  : Starting Servlet engine: [Apache Tomcat/9.0.27]
2024-01-26 20:57:10.104  INFO 8468 --- [    Test worker] o.a.c.c.C.[Tomcat].[localhost].[/]       : Initializing Spring embedded WebApplicationContext
2024-01-26 20:57:10.104  INFO 8468 --- [    Test worker] o.s.web.context.ContextLoader            : Root WebApplicationContext: initialization completed in 996 ms
2024-01-26 20:57:10.644  INFO 8468 --- [    Test worker] de.bwaldvogel.mongo.MongoServer          : started MongoServer(port: 56627, ssl: false)
2024-01-26 20:57:10.704  INFO 8468 --- [    Test worker] org.mongodb.driver.cluster               : Cluster created with settings {hosts=[127.0.0.1:56627], mode=SINGLE, requiredClusterType=UNKNOWN, serverSelectionTimeout='30000 ms', maxWaitQueueSize=500}
2024-01-26 20:57:10.750  INFO 8468 --- [-server-worker1] d.b.mongo.wire.MongoWireProtocolHandler  : client [id: 0x95516378, L:/127.0.0.1:56627 - R:/127.0.0.1:56628] connected
2024-01-26 20:57:10.797  INFO 8468 --- [127.0.0.1:56627] org.mongodb.driver.connection            : Opened connection [connectionId{localValue:1}] to 127.0.0.1:56627
2024-01-26 20:57:10.798  WARN 8468 --- [    Test worker] o.s.data.convert.CustomConversions       : Registering converter from class java.time.LocalDateTime to class java.time.Instant as reading converter although it doesn't convert from a store-supported type! You might wanna check you annotation setup at the converter implementation.
2024-01-26 20:57:10.798  WARN 8468 --- [    Test worker] o.s.data.convert.CustomConversions       : Registering converter from class java.time.Instant to class java.time.LocalDateTime as reading converter although it doesn't convert from a store-supported type! You might wanna check you annotation setup at the converter implementation.
2024-01-26 20:57:10.799  INFO 8468 --- [127.0.0.1:56627] org.mongodb.driver.cluster               : Monitor thread successfully connected to server with description ServerDescription{address=127.0.0.1:56627, type=STANDALONE, state=CONNECTED, ok=true, version=ServerVersion{versionList=[3, 0, 0]}, minWireVersion=0, maxWireVersion=2, maxDocumentSize=16777216, logicalSessionTimeoutMinutes=null, roundTripTimeNanos=1101800}
2024-01-26 20:57:10.802  WARN 8468 --- [    Test worker] o.s.data.convert.CustomConversions       : Registering converter from class java.time.LocalDateTime to class java.time.Instant as reading converter although it doesn't convert from a store-supported type! You might wanna check you annotation setup at the converter implementation.
2024-01-26 20:57:10.802  WARN 8468 --- [    Test worker] o.s.data.convert.CustomConversions       : Registering converter from class java.time.Instant to class java.time.LocalDateTime as reading converter although it doesn't convert from a store-supported type! You might wanna check you annotation setup at the converter implementation.
2024-01-26 20:57:11.078  INFO 8468 --- [-server-worker2] d.b.mongo.wire.MongoWireProtocolHandler  : client [id: 0x1b4909ec, L:/127.0.0.1:56627 - R:/127.0.0.1:56629] connected
2024-01-26 20:57:11.083  INFO 8468 --- [    Test worker] org.mongodb.driver.connection            : Opened connection [connectionId{localValue:2}] to 127.0.0.1:56627
2024-01-26 20:57:11.103  INFO 8468 --- [-server-worker2] d.b.mongo.backend.AbstractMongoBackend   : created database test
2024-01-26 20:57:11.110  INFO 8468 --- [-server-worker2] d.b.mongo.backend.AbstractMongoDatabase  : adding unique _id index for collection employee
2024-01-26 20:57:11.111  INFO 8468 --- [-server-worker2] d.b.mongo.backend.AbstractMongoDatabase  : created collection test.employee
2024-01-26 20:57:11.315  INFO 8468 --- [    Test worker] o.s.s.concurrent.ThreadPoolTaskExecutor  : Initializing ExecutorService 'applicationTaskExecutor'
2024-01-26 20:57:11.485  WARN 8468 --- [    Test worker] o.s.data.convert.CustomConversions       : Registering converter from class java.time.LocalDateTime to class java.time.Instant as reading converter although it doesn't convert from a store-supported type! You might wanna check you annotation setup at the converter implementation.
2024-01-26 20:57:11.485  WARN 8468 --- [    Test worker] o.s.data.convert.CustomConversions       : Registering converter from class java.time.Instant to class java.time.LocalDateTime as reading converter although it doesn't convert from a store-supported type! You might wanna check you annotation setup at the converter implementation.
2024-01-26 20:57:11.506  WARN 8468 --- [    Test worker] o.s.data.convert.CustomConversions       : Registering converter from class java.time.LocalDateTime to class java.time.Instant as reading converter although it doesn't convert from a store-supported type! You might wanna check you annotation setup at the converter implementation.
2024-01-26 20:57:11.507  WARN 8468 --- [    Test worker] o.s.data.convert.CustomConversions       : Registering converter from class java.time.Instant to class java.time.LocalDateTime as reading converter although it doesn't convert from a store-supported type! You might wanna check you annotation setup at the converter implementation.
2024-01-26 20:57:11.592  INFO 8468 --- [    Test worker] o.s.b.w.embedded.tomcat.TomcatWebServer  : Tomcat started on port(s): 56630 (http) with context path ''
2024-01-26 20:57:11.594  INFO 8468 --- [    Test worker] c.m.challenge.ChallengeApplicationTests  : Started ChallengeApplicationTests in 2.723 seconds (JVM running for 3.789)
2024-01-26 20:57:12.029  INFO 8468 --- [o-auto-1-exec-1] o.a.c.c.C.[Tomcat].[localhost].[/]       : Initializing Spring DispatcherServlet 'dispatcherServlet'
2024-01-26 20:57:12.029  INFO 8468 --- [o-auto-1-exec-1] o.s.web.servlet.DispatcherServlet        : Initializing Servlet 'dispatcherServlet'
2024-01-26 20:57:12.047  INFO 8468 --- [o-auto-1-exec-1] o.s.web.servlet.DispatcherServlet        : Completed initialization in 18 ms
2024-01-26 20:57:12.074 DEBUG 8468 --- [o-auto-1-exec-1] c.m.c.c.ReportingStructureController     : Received reporting structure create request for [com.mindex.challenge.data.Employee@b3293e0]
2024-01-26 20:57:12.074 DEBUG 8468 --- [o-auto-1-exec-1] c.m.c.service.impl.EmployeeServiceImpl   : Creating reporting structure for employee [com.mindex.challenge.data.Employee@b3293e0]
2024-01-26 20:57:12.076 DEBUG 8468 --- [o-auto-1-exec-1] c.m.c.service.impl.EmployeeServiceImpl   : Creating reporting structure for employee [com.mindex.challenge.data.Employee@641cdb8d]
2024-01-26 20:57:12.078 DEBUG 8468 --- [o-auto-1-exec-1] c.m.c.service.impl.EmployeeServiceImpl   : Creating reporting structure for employee [com.mindex.challenge.data.Employee@7baef97d]
2024-01-26 20:57:12.079 DEBUG 8468 --- [o-auto-1-exec-1] c.m.c.service.impl.EmployeeServiceImpl   : Creating reporting structure for employee [com.mindex.challenge.data.Employee@54f564e6]
2024-01-26 20:57:12.080 DEBUG 8468 --- [o-auto-1-exec-1] c.m.c.service.impl.EmployeeServiceImpl   : Creating reporting structure for employee [com.mindex.challenge.data.Employee@4dc1b2c8]
]]></system-out>
  <system-err><![CDATA[]]></system-err>
</testsuite>
